[debug] [2018-02-08T03:08:33.865Z] ----------------------------------------------------------------------
[debug] [2018-02-08T03:08:33.867Z] Command:       /usr/local/bin/node /usr/local/bin/firebase deploy --only functions:contenidos
[debug] [2018-02-08T03:08:33.867Z] CLI Version:   3.15.4
[debug] [2018-02-08T03:08:33.867Z] Platform:      darwin
[debug] [2018-02-08T03:08:33.867Z] Node Version:  v8.9.1
[debug] [2018-02-08T03:08:33.868Z] Time:          Wed Feb 07 2018 21:08:33 GMT-0600 (CST)
[debug] [2018-02-08T03:08:33.868Z] ----------------------------------------------------------------------
[debug] 
[debug] [2018-02-08T03:08:33.880Z] > command requires scopes: ["email","openid","https://www.googleapis.com/auth/cloudplatformprojects.readonly","https://www.googleapis.com/auth/firebase","https://www.googleapis.com/auth/cloud-platform"]
[debug] [2018-02-08T03:08:33.880Z] > authorizing via signed-in user
[debug] [2018-02-08T03:08:33.882Z] >>> HTTP REQUEST GET https://admin.firebase.com/v1/projects/proyectosgtec-8de9b  
 Wed Feb 07 2018 21:08:33 GMT-0600 (CST)
[debug] [2018-02-08T03:08:34.273Z] <<< HTTP RESPONSE 200
[debug] [2018-02-08T03:08:34.275Z] >>> HTTP REQUEST GET https://admin.firebase.com/v1/database/proyectosgtec-8de9b/tokens  
 Wed Feb 07 2018 21:08:34 GMT-0600 (CST)
[debug] [2018-02-08T03:08:34.699Z] <<< HTTP RESPONSE 200
[info] 
[info] === Deploying to 'proyectosgtec-8de9b'...
[info] 
[info] i  deploying functions
[debug] [2018-02-08T03:08:34.951Z] > [functions] package.json contents: {
  "name": "functions",
  "description": "Cloud Functions for Firebase",
  "scripts": {
    "serve": "firebase serve --only functions",
    "shell": "firebase experimental:functions:shell",
    "start": "npm run shell",
    "deploy": "firebase deploy --only functions",
    "logs": "firebase functions:log"
  },
  "dependencies": {
    "express": "^4.16.2",
    "firebase-admin": "~5.4.2",
    "firebase-functions": "^0.7.1"
  },
  "private": true
}
[info] i  functions: ensuring necessary APIs are enabled...
[debug] [2018-02-08T03:08:34.952Z] >>> HTTP REQUEST GET https://servicemanagement.googleapis.com/v1/services/cloudfunctions.googleapis.com/projectSettings/proyectosgtec-8de9b?view=CONSUMER_VIEW  
 Wed Feb 07 2018 21:08:34 GMT-0600 (CST)
[debug] [2018-02-08T03:08:34.953Z] >>> HTTP REQUEST GET https://servicemanagement.googleapis.com/v1/services/runtimeconfig.googleapis.com/projectSettings/proyectosgtec-8de9b?view=CONSUMER_VIEW  
 Wed Feb 07 2018 21:08:34 GMT-0600 (CST)
[debug] [2018-02-08T03:08:35.351Z] <<< HTTP RESPONSE 200
[debug] [2018-02-08T03:08:35.766Z] <<< HTTP RESPONSE 200
[info] ✔  functions: all necessary APIs are enabled
[debug] [2018-02-08T03:08:35.767Z] >>> HTTP REQUEST GET https://appengine.googleapis.com/v1/apps/proyectosgtec-8de9b  
 Wed Feb 07 2018 21:08:35 GMT-0600 (CST)
[debug] [2018-02-08T03:08:35.768Z] >>> HTTP REQUEST GET https://apikeys.googleapis.com/v1/projects/proyectosgtec-8de9b/apiKeys  
 Wed Feb 07 2018 21:08:35 GMT-0600 (CST)
[debug] [2018-02-08T03:08:35.966Z] <<< HTTP RESPONSE 200
[debug] [2018-02-08T03:08:36.084Z] <<< HTTP RESPONSE 200
